Using pre-set license
Built from '2020.3/staging' branch; Version is '2020.3.9f1 (108be757e447) revision 1084391'; Using compiler version '192528614'; Build Type 'Release'
OS: 'Windows 10 Home; OS build 19042.985; Version 2009; 64bit' Language: 'en' Physical Memory: 15741 MB
BatchMode: 1, IsHumanControllingUs: 0, StartBugReporterOnCrash: 0, Is64bit: 1, IsPro: 0

 COMMAND LINE ARGUMENTS:
C:\Program Files\Unity\Hub\Editor\2020.3.9f1\Editor\Unity.exe
-adb2
-batchMode
-noUpm
-name
AssetImportWorker0
-projectPath
D:/Unity Projects/Project3CoreProject-main/MuseumPlaythrough
-logFile
Logs/AssetImportWorker0.log
-srvPort
49992
Successfully changed project path to: D:/Unity Projects/Project3CoreProject-main/MuseumPlaythrough
D:/Unity Projects/Project3CoreProject-main/MuseumPlaythrough
Using Asset Import Pipeline V2.
Refreshing native plugins compatible for Editor in 53.16 ms, found 0 plugins.
Preloading 0 native plugins for Editor in 0.00 ms.
Initialize engine version: 2020.3.9f1 (108be757e447)
[Subsystems] Discovering subsystems at path C:/Program Files/Unity/Hub/Editor/2020.3.9f1/Editor/Data/Resources/UnitySubsystems
[Subsystems] Discovering subsystems at path D:/Unity Projects/Project3CoreProject-main/MuseumPlaythrough/Assets
GfxDevice: creating device client; threaded=0
Direct3D:
    Version:  Direct3D 11.0 [level 11.1]
    Renderer: NVIDIA GeForce RTX 2060 (ID=0x1f15)
    Vendor:   
    VRAM:     5980 MB
    Driver:   27.21.14.6647
Shader 'Universal Render Pipeline/Particles/Lit': fallback shader 'Universal Render Pipeline/Particles/SimpleLit' not found
Initialize mono
Mono path[0] = 'C:/Program Files/Unity/Hub/Editor/2020.3.9f1/Editor/Data/Managed'
Mono path[1] = 'C:/Program Files/Unity/Hub/Editor/2020.3.9f1/Editor/Data/MonoBleedingEdge/lib/mono/unityjit'
Mono config path = 'C:/Program Files/Unity/Hub/Editor/2020.3.9f1/Editor/Data/MonoBleedingEdge/etc'
Using monoOptions --debugger-agent=transport=dt_socket,embedding=1,server=y,suspend=n,address=127.0.0.1:56528
Begin MonoManager ReloadAssembly
Registering precompiled unity dll's ...
Register platform support module: C:/Program Files/Unity/Hub/Editor/2020.3.9f1/Editor/Data/PlaybackEngines/WebGLSupport/UnityEditor.WebGL.Extensions.dll
Register platform support module: C:/Program Files/Unity/Hub/Editor/2020.3.9f1/Editor/Data/PlaybackEngines/WindowsStandaloneSupport/UnityEditor.WindowsStandalone.Extensions.dll
Registered in 0.001955 seconds.
Native extension for WindowsStandalone target not found
Native extension for WebGL target not found
Refreshing native plugins compatible for Editor in 52.03 ms, found 0 plugins.
Preloading 0 native plugins for Editor in 0.00 ms.
Mono: successfully reloaded assembly
- Completed reload, in  2.788 seconds
Platform modules already initialized, skipping
Registering precompiled user dll's ...
Registered in 0.001078 seconds.
Begin MonoManager ReloadAssembly
Native extension for WindowsStandalone target not found
Native extension for WebGL target not found
Refreshing native plugins compatible for Editor in 57.17 ms, found 0 plugins.
Preloading 0 native plugins for Editor in 0.00 ms.
Mono: successfully reloaded assembly
- Completed reload, in  1.864 seconds
Platform modules already initialized, skipping
========================================================================
Worker process is ready to serve import requests
Shader 'Universal Render Pipeline/Particles/Lit': fallback shader 'Universal Render Pipeline/Particles/SimpleLit' not found
Launched and connected shader compiler UnityShaderCompiler.exe after 0.06 seconds
Refreshing native plugins compatible for Editor in 0.61 ms, found 0 plugins.
Preloading 0 native plugins for Editor in 0.00 ms.
Unloading 3059 Unused Serialized files (Serialized files now loaded: 0)
System memory in use before: 147.4 MB.
System memory in use after: 147.5 MB.

Unloading 131 unused Assets to reduce memory usage. Loaded Objects now: 3500.
Total: 3.508200 ms (FindLiveObjects: 0.463600 ms CreateObjectMapping: 0.213800 ms MarkObjects: 2.628000 ms  DeleteObjects: 0.200800 ms)

========================================================================
Received Import Request.
  path: Assets/FirstPersion AIO Pack/DemoScene/Working Textures/Reticle.png
  artifactKey: Guid(7fa7752f7f2a3fc4fbc2bcaea5671e2d) Importer(815301076,1909f56bfc062723c751e8b465ee728b)
Start importing Assets/FirstPersion AIO Pack/DemoScene/Working Textures/Reticle.png using Guid(7fa7752f7f2a3fc4fbc2bcaea5671e2d) Importer(815301076,1909f56bfc062723c751e8b465ee728b)  -> (artifact id: 'dac0c4bdf36a0b1040b6a0699b669bc1') in 0.134179 seconds
  Import took 0.162256 seconds .

========================================================================
Received Prepare
Shader 'Universal Render Pipeline/Particles/Lit': fallback shader 'Universal Render Pipeline/Particles/SimpleLit' not found
Refreshing native plugins compatible for Editor in 1.64 ms, found 0 plugins.
Preloading 0 native plugins for Editor in 0.00 ms.
Unloading 4 Unused Serialized files (Serialized files now loaded: 0)
System memory in use before: 80.0 MB.
System memory in use after: 80.2 MB.

Unloading 4 unused Assets to reduce memory usage. Loaded Objects now: 3506.
Total: 35.641600 ms (FindLiveObjects: 0.576000 ms CreateObjectMapping: 0.201000 ms MarkObjects: 34.758900 ms  DeleteObjects: 0.104400 ms)

========================================================================
Received Prepare
Registering precompiled user dll's ...
Registered in 0.001108 seconds.
Begin MonoManager ReloadAssembly
Native extension for WindowsStandalone target not found
Native extension for WebGL target not found
Refreshing native plugins compatible for Editor in 0.54 ms, found 0 plugins.
Preloading 0 native plugins for Editor in 0.00 ms.
Warning: Annotation not found!
UnityEngine.StackTraceUtility:ExtractStackTrace ()
UnityEditor.ProBuilder.EditorUtility:SetGizmoIconEnabled (System.Type,bool) (at Library/PackageCache/com.unity.probuilder@4.5.0/Editor/EditorCore/EditorUtility.cs:593)
UnityEditor.ProBuilder.HierarchyListener:.cctor () (at Library/PackageCache/com.unity.probuilder@4.5.0/Editor/EditorCore/HierarchyListener.cs:21)
System.Runtime.CompilerServices.RuntimeHelpers:RunClassConstructor (System.RuntimeTypeHandle)
UnityEditor.EditorAssemblies:ProcessInitializeOnLoadAttributes (System.Type[])

[Library/PackageCache/com.unity.probuilder@4.5.0/Editor/EditorCore/EditorUtility.cs line 593]

Mono: successfully reloaded assembly
- Completed reload, in  0.923 seconds
Platform modules already initialized, skipping
Shader 'Universal Render Pipeline/Particles/Lit': fallback shader 'Universal Render Pipeline/Particles/SimpleLit' not found
Refreshing native plugins compatible for Editor in 0.72 ms, found 0 plugins.
Preloading 0 native plugins for Editor in 0.00 ms.
Unloading 2886 Unused Serialized files (Serialized files now loaded: 0)
System memory in use before: 137.1 MB.
System memory in use after: 137.3 MB.

Unloading 10 unused Assets to reduce memory usage. Loaded Objects now: 3509.
Total: 2.899200 ms (FindLiveObjects: 0.380000 ms CreateObjectMapping: 0.088500 ms MarkObjects: 2.351500 ms  DeleteObjects: 0.077700 ms)

========================================================================
Received Prepare
Registering precompiled user dll's ...
Registered in 0.001237 seconds.
Begin MonoManager ReloadAssembly
Native extension for WindowsStandalone target not found
Native extension for WebGL target not found
Refreshing native plugins compatible for Editor in 0.82 ms, found 0 plugins.
Preloading 0 native plugins for Editor in 0.00 ms.
Warning: Annotation not found!
UnityEngine.StackTraceUtility:ExtractStackTrace ()
UnityEditor.ProBuilder.EditorUtility:SetGizmoIconEnabled (System.Type,bool) (at Library/PackageCache/com.unity.probuilder@4.5.0/Editor/EditorCore/EditorUtility.cs:593)
UnityEditor.ProBuilder.HierarchyListener:.cctor () (at Library/PackageCache/com.unity.probuilder@4.5.0/Editor/EditorCore/HierarchyListener.cs:21)
System.Runtime.CompilerServices.RuntimeHelpers:RunClassConstructor (System.RuntimeTypeHandle)
UnityEditor.EditorAssemblies:ProcessInitializeOnLoadAttributes (System.Type[])

[Library/PackageCache/com.unity.probuilder@4.5.0/Editor/EditorCore/EditorUtility.cs line 593]

Mono: successfully reloaded assembly
- Completed reload, in  0.989 seconds
Platform modules already initialized, skipping
Shader 'Universal Render Pipeline/Particles/Lit': fallback shader 'Universal Render Pipeline/Particles/SimpleLit' not found
Refreshing native plugins compatible for Editor in 0.90 ms, found 0 plugins.
Preloading 0 native plugins for Editor in 0.00 ms.
Unloading 2886 Unused Serialized files (Serialized files now loaded: 0)
System memory in use before: 137.1 MB.
System memory in use after: 137.3 MB.

Unloading 10 unused Assets to reduce memory usage. Loaded Objects now: 3512.
Total: 3.210400 ms (FindLiveObjects: 0.429000 ms CreateObjectMapping: 0.095800 ms MarkObjects: 2.577300 ms  DeleteObjects: 0.106500 ms)

========================================================================
Received Prepare
Registering precompiled user dll's ...
Registered in 0.001269 seconds.
Begin MonoManager ReloadAssembly
Native extension for WindowsStandalone target not found
Native extension for WebGL target not found
Refreshing native plugins compatible for Editor in 0.64 ms, found 0 plugins.
Preloading 0 native plugins for Editor in 0.00 ms.
Warning: Annotation not found!
UnityEngine.StackTraceUtility:ExtractStackTrace ()
UnityEditor.ProBuilder.EditorUtility:SetGizmoIconEnabled (System.Type,bool) (at Library/PackageCache/com.unity.probuilder@4.5.0/Editor/EditorCore/EditorUtility.cs:593)
UnityEditor.ProBuilder.HierarchyListener:.cctor () (at Library/PackageCache/com.unity.probuilder@4.5.0/Editor/EditorCore/HierarchyListener.cs:21)
System.Runtime.CompilerServices.RuntimeHelpers:RunClassConstructor (System.RuntimeTypeHandle)
UnityEditor.EditorAssemblies:ProcessInitializeOnLoadAttributes (System.Type[])

[Library/PackageCache/com.unity.probuilder@4.5.0/Editor/EditorCore/EditorUtility.cs line 593]

Mono: successfully reloaded assembly
- Completed reload, in  0.904 seconds
Platform modules already initialized, skipping
Shader 'Universal Render Pipeline/Particles/Lit': fallback shader 'Universal Render Pipeline/Particles/SimpleLit' not found
Refreshing native plugins compatible for Editor in 0.55 ms, found 0 plugins.
Preloading 0 native plugins for Editor in 0.00 ms.
Unloading 2886 Unused Serialized files (Serialized files now loaded: 0)
System memory in use before: 137.2 MB.
System memory in use after: 137.3 MB.

Unloading 10 unused Assets to reduce memory usage. Loaded Objects now: 3515.
Total: 2.642600 ms (FindLiveObjects: 0.291500 ms CreateObjectMapping: 0.080000 ms MarkObjects: 2.184500 ms  DeleteObjects: 0.084900 ms)

========================================================================
Received Import Request.
  Time since last request: 11294.672872 seconds.
  path: Assets/FirstPersion AIO Pack/DemoScene/Models/Props.fbx
  artifactKey: Guid(d13b23452d2513642bbee06d75de3fb0) Importer(815301076,1909f56bfc062723c751e8b465ee728b)
Start importing Assets/FirstPersion AIO Pack/DemoScene/Models/Props.fbx using Guid(d13b23452d2513642bbee06d75de3fb0) Importer(815301076,1909f56bfc062723c751e8b465ee728b)  -> (artifact id: 'e0d9314850f21b7277632fceec2eaf04') in 0.742067 seconds
  Import took 0.794071 seconds .

========================================================================
Received Import Request.
  Time since last request: 22.465140 seconds.
  path: Assets/Prefab/Pillar/Pillar/Materials/Pillar_Albedo.mat
  artifactKey: Guid(6ea79a0a14851134cae7d86b6c6ce67a) Importer(815301076,1909f56bfc062723c751e8b465ee728b)
Start importing Assets/Prefab/Pillar/Pillar/Materials/Pillar_Albedo.mat using Guid(6ea79a0a14851134cae7d86b6c6ce67a) Importer(815301076,1909f56bfc062723c751e8b465ee728b)  -> (artifact id: 'c4370af838977c794cbd55956aa7ce5a') in 0.637572 seconds
  Import took 0.677566 seconds .

========================================================================
Received Import Request.
  Time since last request: 0.000224 seconds.
  path: Packages/com.unity.probuilder/Content/Resources/Materials/ProBuilderDefault.mat
  artifactKey: Guid(c22777d6e868e4f2fb421913386b154e) Importer(815301076,1909f56bfc062723c751e8b465ee728b)
Start importing Packages/com.unity.probuilder/Content/Resources/Materials/ProBuilderDefault.mat using Guid(c22777d6e868e4f2fb421913386b154e) Importer(815301076,1909f56bfc062723c751e8b465ee728b)  -> (artifact id: '983ca513b3626b28bd9314d9537e1e35') in 0.055557 seconds
  Import took 0.091203 seconds .

========================================================================
Received Import Request.
  Time since last request: 0.000213 seconds.
  path: Packages/com.unity.render-pipelines.universal/Runtime/Materials/Sprite-Unlit-Default.mat
  artifactKey: Guid(9dfc825aed78fcd4ba02077103263b40) Importer(815301076,1909f56bfc062723c751e8b465ee728b)
Start importing Packages/com.unity.render-pipelines.universal/Runtime/Materials/Sprite-Unlit-Default.mat using Guid(9dfc825aed78fcd4ba02077103263b40) Importer(815301076,1909f56bfc062723c751e8b465ee728b)  -> (artifact id: '5b43d12695b0bed73c0c7ce1635707dc') in 0.058622 seconds
  Import took 0.109354 seconds .

========================================================================
Received Import Request.
  Time since last request: 0.000236 seconds.
  path: Packages/com.unity.render-pipelines.universal/Runtime/Materials/SimpleLit.mat
  artifactKey: Guid(6a1143ee683302f4aa628c052723efc1) Importer(815301076,1909f56bfc062723c751e8b465ee728b)
Start importing Packages/com.unity.render-pipelines.universal/Runtime/Materials/SimpleLit.mat using Guid(6a1143ee683302f4aa628c052723efc1) Importer(815301076,1909f56bfc062723c751e8b465ee728b)  -> (artifact id: '042aa13dddcfbcfe4a6647d8ee06ef06') in 0.025208 seconds
  Import took 0.089943 seconds .

========================================================================
Received Import Request.
  Time since last request: 0.000200 seconds.
  path: Packages/com.unity.probuilder/Content/Resources/Materials/StandardVertexColorLWRP.mat
  artifactKey: Guid(077a003b1de1e4c35923be7a21b5d948) Importer(815301076,1909f56bfc062723c751e8b465ee728b)
Start importing Packages/com.unity.probuilder/Content/Resources/Materials/StandardVertexColorLWRP.mat using Guid(077a003b1de1e4c35923be7a21b5d948) Importer(815301076,1909f56bfc062723c751e8b465ee728b)  -> (artifact id: 'bab1c500c916be77b60e9080c2bf2b75') in 0.022460 seconds
  Import took 0.036118 seconds .

========================================================================
Received Import Request.
  Time since last request: 0.000217 seconds.
  path: Packages/com.unity.render-pipelines.universal/Runtime/Materials/Sprite-Lit-Default.mat
  artifactKey: Guid(a97c105638bdf8b4a8650670310a4cd3) Importer(815301076,1909f56bfc062723c751e8b465ee728b)
Start importing Packages/com.unity.render-pipelines.universal/Runtime/Materials/Sprite-Lit-Default.mat using Guid(a97c105638bdf8b4a8650670310a4cd3) Importer(815301076,1909f56bfc062723c751e8b465ee728b)  -> (artifact id: '03fb5fb9eb75f63548b9cd0a1f888e20') in 0.075973 seconds
  Import took 0.087435 seconds .

========================================================================
Received Import Request.
  Time since last request: 0.000277 seconds.
  path: Assets/Material/20 Ground Material Sets MAN MADE/STONE/Stone 2 PBS.mat
  artifactKey: Guid(16b688ed7a506b448a8321fc28f212a8) Importer(815301076,1909f56bfc062723c751e8b465ee728b)
Start importing Assets/Material/20 Ground Material Sets MAN MADE/STONE/Stone 2 PBS.mat using Guid(16b688ed7a506b448a8321fc28f212a8) Importer(815301076,1909f56bfc062723c751e8b465ee728b)  -> (artifact id: '6418a040569f26a544d11bddb387ef21') in 0.226649 seconds
  Import took 0.270864 seconds .

========================================================================
Received Import Request.
  Time since last request: 0.000211 seconds.
  path: Packages/com.unity.render-pipelines.universal/Runtime/Materials/TerrainLit.mat
  artifactKey: Guid(594ea882c5a793440b60ff72d896021e) Importer(815301076,1909f56bfc062723c751e8b465ee728b)
Start importing Packages/com.unity.render-pipelines.universal/Runtime/Materials/TerrainLit.mat using Guid(594ea882c5a793440b60ff72d896021e) Importer(815301076,1909f56bfc062723c751e8b465ee728b)  -> (artifact id: 'c7115dfe4321443f0bdb692417e7ed76') in 0.724762 seconds
  Import took 0.827984 seconds .

========================================================================
Received Import Request.
  Time since last request: 0.000294 seconds.
  path: Packages/com.unity.probuilder/Content/Resources/Materials/VertexPickerHDRP.mat
  artifactKey: Guid(7d5c9fc287a2aa945a98203d41282923) Importer(815301076,1909f56bfc062723c751e8b465ee728b)
Start importing Packages/com.unity.probuilder/Content/Resources/Materials/VertexPickerHDRP.mat using Guid(7d5c9fc287a2aa945a98203d41282923) Importer(815301076,1909f56bfc062723c751e8b465ee728b)  -> (artifact id: '709f20a21447e01f1a74b43f719585cd') in 0.036875 seconds
  Import took 0.072511 seconds .

========================================================================
Received Import Request.
  Time since last request: 0.000284 seconds.
  path: Packages/com.unity.probuilder/Content/Resources/Materials/Trigger.mat
  artifactKey: Guid(a1e97cbf2538241b691aae8243b5fb10) Importer(815301076,1909f56bfc062723c751e8b465ee728b)
Start importing Packages/com.unity.probuilder/Content/Resources/Materials/Trigger.mat using Guid(a1e97cbf2538241b691aae8243b5fb10) Importer(815301076,1909f56bfc062723c751e8b465ee728b)  -> (artifact id: 'cb737acc98963c9d06686bea00360560') in 0.041643 seconds
  Import took 0.058857 seconds .

========================================================================
Received Import Request.
  Time since last request: 0.000193 seconds.
  path: Packages/com.unity.probuilder/Content/Resources/Materials/VertexPicker.mat
  artifactKey: Guid(30a8575e1d4cc4e01a88ffbf4f973d80) Importer(815301076,1909f56bfc062723c751e8b465ee728b)
Start importing Packages/com.unity.probuilder/Content/Resources/Materials/VertexPicker.mat using Guid(30a8575e1d4cc4e01a88ffbf4f973d80) Importer(815301076,1909f56bfc062723c751e8b465ee728b)  -> (artifact id: '7cc934f3d53088073e0b2c757492b272') in 0.087307 seconds
  Import took 0.103325 seconds .

========================================================================
Received Import Request.
  Time since last request: 0.000280 seconds.
  path: Assets/Prefab/Torch/Torch2/Materials/Torch2_ID.mat
  artifactKey: Guid(7f540752ba986a847a97626e874928c6) Importer(815301076,1909f56bfc062723c751e8b465ee728b)
Start importing Assets/Prefab/Torch/Torch2/Materials/Torch2_ID.mat using Guid(7f540752ba986a847a97626e874928c6) Importer(815301076,1909f56bfc062723c751e8b465ee728b)  -> (artifact id: '4762767a9ff856632d72160b07432501') in 0.118631 seconds
  Import took 0.142867 seconds .

========================================================================
Received Import Request.
  Time since last request: 0.000202 seconds.
  path: Packages/com.unity.probuilder/Content/Resources/Materials/UnlitVertexColor.mat
  artifactKey: Guid(29966c3c0907b49b58c4e59342d020cf) Importer(815301076,1909f56bfc062723c751e8b465ee728b)
Start importing Packages/com.unity.probuilder/Content/Resources/Materials/UnlitVertexColor.mat using Guid(29966c3c0907b49b58c4e59342d020cf) Importer(815301076,1909f56bfc062723c751e8b465ee728b)  -> (artifact id: 'a3f9f417135bc53b3eab0737741b3653') in 0.046738 seconds
  Import took 0.062969 seconds .

========================================================================
Received Import Request.
  Time since last request: 0.000257 seconds.
  path: Packages/com.unity.probuilder/Content/Resources/Materials/StandardVertexColorHDRP.mat
  artifactKey: Guid(c35693c079f3840f7938a4a323096e84) Importer(815301076,1909f56bfc062723c751e8b465ee728b)
Start importing Packages/com.unity.probuilder/Content/Resources/Materials/StandardVertexColorHDRP.mat using Guid(c35693c079f3840f7938a4a323096e84) Importer(815301076,1909f56bfc062723c751e8b465ee728b)  -> (artifact id: 'c38179d87c2de50185a23d19dc6a8e4f') in 0.020898 seconds
  Import took 0.037152 seconds .

========================================================================
Received Import Request.
  Time since last request: 5.273270 seconds.
  path: Packages/com.unity.probuilder/Content/Resources/Materials/NoDraw.mat
  artifactKey: Guid(8cb4d6fee77fd4ee6895f08b240d625f) Importer(815301076,1909f56bfc062723c751e8b465ee728b)
Start importing Packages/com.unity.probuilder/Content/Resources/Materials/NoDraw.mat using Guid(8cb4d6fee77fd4ee6895f08b240d625f) Importer(815301076,1909f56bfc062723c751e8b465ee728b)  -> (artifact id: 'e2e5baf516f16ac8b44272b440cd4641') in 0.145993 seconds
  Import took 0.174638 seconds .

========================================================================
Received Import Request.
  Time since last request: 0.000208 seconds.
  path: Packages/com.unity.render-pipelines.universal/Runtime/Materials/Lit.mat
  artifactKey: Guid(31321ba15b8f8eb4c954353edc038b1d) Importer(815301076,1909f56bfc062723c751e8b465ee728b)
Start importing Packages/com.unity.render-pipelines.universal/Runtime/Materials/Lit.mat using Guid(31321ba15b8f8eb4c954353edc038b1d) Importer(815301076,1909f56bfc062723c751e8b465ee728b)  -> (artifact id: '863fe7e70975dbac14c6c636ef94f2ef') in 0.025616 seconds
  Import took 0.051310 seconds .

========================================================================
Received Import Request.
  Time since last request: 0.148477 seconds.
  path: Packages/com.unity.probuilder/Content/Resources/Materials/InvisibleFace.mat
  artifactKey: Guid(978bbcf5050244f1b95128c04103f628) Importer(815301076,1909f56bfc062723c751e8b465ee728b)
Start importing Packages/com.unity.probuilder/Content/Resources/Materials/InvisibleFace.mat using Guid(978bbcf5050244f1b95128c04103f628) Importer(815301076,1909f56bfc062723c751e8b465ee728b)  -> (artifact id: '0d16b9017d209ed1f85b38b0fa6babc1') in 0.027444 seconds
  Import took 0.074473 seconds .

========================================================================
Received Import Request.
  Time since last request: 0.000229 seconds.
  path: Assets/Material/20 Ground Material Sets MAN MADE/INDOOR/Indoor 09 PBS.mat
  artifactKey: Guid(cfe01a842ca46d949b0a9e94f5864614) Importer(815301076,1909f56bfc062723c751e8b465ee728b)
Start importing Assets/Material/20 Ground Material Sets MAN MADE/INDOOR/Indoor 09 PBS.mat using Guid(cfe01a842ca46d949b0a9e94f5864614) Importer(815301076,1909f56bfc062723c751e8b465ee728b)  -> (artifact id: '02df3bb2024db166e83727b420f08d82') in 0.270419 seconds
  Import took 0.295472 seconds .

========================================================================
Received Import Request.
  Time since last request: 0.000235 seconds.
  path: Packages/com.unity.probuilder/Content/Resources/Materials/FacePicker.mat
  artifactKey: Guid(5695904020f064fdab5ad265b274a616) Importer(815301076,1909f56bfc062723c751e8b465ee728b)
Start importing Packages/com.unity.probuilder/Content/Resources/Materials/FacePicker.mat using Guid(5695904020f064fdab5ad265b274a616) Importer(815301076,1909f56bfc062723c751e8b465ee728b)  -> (artifact id: '1dac69d9d11c74b2a4c77abe0fbd375c') in 0.037664 seconds
  Import took 0.053462 seconds .

========================================================================
Received Import Request.
  Time since last request: 0.000185 seconds.
  path: Packages/com.unity.searcher/Editor/Resources/FlatSkin/Font/Roboto-BlackItalic.ttf
  artifactKey: Guid(f95147a9bab9fe649b8070170fa7ebd2) Importer(815301076,1909f56bfc062723c751e8b465ee728b)
Start importing Packages/com.unity.searcher/Editor/Resources/FlatSkin/Font/Roboto-BlackItalic.ttf using Guid(f95147a9bab9fe649b8070170fa7ebd2) Importer(815301076,1909f56bfc062723c751e8b465ee728b)  -> (artifact id: 'f04c6fd42b37b5d8d9b10a912787e72a') in 0.169088 seconds
  Import took 0.198887 seconds .

========================================================================
Received Import Request.
  Time since last request: 0.000278 seconds.
  path: Packages/com.unity.probuilder/Content/Resources/Materials/EdgePickerHDRP.mat
  artifactKey: Guid(980c24c5a501a9a429356d191ad356a9) Importer(815301076,1909f56bfc062723c751e8b465ee728b)
Start importing Packages/com.unity.probuilder/Content/Resources/Materials/EdgePickerHDRP.mat using Guid(980c24c5a501a9a429356d191ad356a9) Importer(815301076,1909f56bfc062723c751e8b465ee728b)  -> (artifact id: 'c6141fcf83a050bd5e020934bbf0a2a9') in 0.027276 seconds
  Import took 0.080727 seconds .

========================================================================
Received Import Request.
  Time since last request: 0.000270 seconds.
  path: Packages/com.unity.searcher/Editor/Resources/FlatSkin/Font/Roboto-Bold.ttf
  artifactKey: Guid(3750c318f40cab44a97d3a81beaefeb3) Importer(815301076,1909f56bfc062723c751e8b465ee728b)
Start importing Packages/com.unity.searcher/Editor/Resources/FlatSkin/Font/Roboto-Bold.ttf using Guid(3750c318f40cab44a97d3a81beaefeb3) Importer(815301076,1909f56bfc062723c751e8b465ee728b)  -> (artifact id: '122c4b0f9402839e2af558af4959e603') in 0.113567 seconds
  Import took 0.123270 seconds .

========================================================================
Received Import Request.
  Time since last request: 0.000208 seconds.
  path: Assets/Prefab/Dagger/Materials/Dagger_ID.mat
  artifactKey: Guid(ec32301ac50349e4ea44c61a38924d5f) Importer(815301076,1909f56bfc062723c751e8b465ee728b)
Start importing Assets/Prefab/Dagger/Materials/Dagger_ID.mat using Guid(ec32301ac50349e4ea44c61a38924d5f) Importer(815301076,1909f56bfc062723c751e8b465ee728b)  -> (artifact id: '57775793ce4dc5b93ac8db487e927919') in 0.157742 seconds
  Import took 0.168718 seconds .

========================================================================
Received Import Request.
  Time since last request: 0.000196 seconds.
  path: Packages/com.unity.probuilder/Content/Resources/Materials/EdgePicker.mat
  artifactKey: Guid(4ff996e3a0a5743a3987ab6231160665) Importer(815301076,1909f56bfc062723c751e8b465ee728b)
Start importing Packages/com.unity.probuilder/Content/Resources/Materials/EdgePicker.mat using Guid(4ff996e3a0a5743a3987ab6231160665) Importer(815301076,1909f56bfc062723c751e8b465ee728b)  -> (artifact id: '71493b4d6b9bd6ba95be84abe18f0a5e') in 0.035386 seconds
  Import took 0.061651 seconds .

========================================================================
Received Import Request.
  Time since last request: 0.000247 seconds.
  path: Packages/com.unity.searcher/Editor/Resources/FlatSkin/Font/Roboto-Black.ttf
  artifactKey: Guid(1062c701058745940ae5dca6219c64c8) Importer(815301076,1909f56bfc062723c751e8b465ee728b)
Start importing Packages/com.unity.searcher/Editor/Resources/FlatSkin/Font/Roboto-Black.ttf using Guid(1062c701058745940ae5dca6219c64c8) Importer(815301076,1909f56bfc062723c751e8b465ee728b)  -> (artifact id: '4dd7d2db77e2efa639d317cb9208d50f') in 0.081071 seconds
  Import took 0.097345 seconds .

========================================================================
Received Import Request.
  Time since last request: 0.000214 seconds.
  path: Packages/com.unity.probuilder/Content/Resources/Materials/FacePickerHDRP.mat
  artifactKey: Guid(a53ef0dd76f2fe74eb5f43267d7c0195) Importer(815301076,1909f56bfc062723c751e8b465ee728b)
Start importing Packages/com.unity.probuilder/Content/Resources/Materials/FacePickerHDRP.mat using Guid(a53ef0dd76f2fe74eb5f43267d7c0195) Importer(815301076,1909f56bfc062723c751e8b465ee728b)  -> (artifact id: '0c8f00fad4da43866520b5a43a6b261f') in 0.017458 seconds
  Import took 0.029983 seconds .

========================================================================
Received Import Request.
  Time since last request: 0.000287 seconds.
  path: Packages/com.unity.render-pipelines.core/Runtime/Debugging/Prefabs/Fonts/Perfect DOS VGA 437.ttf
  artifactKey: Guid(74a5091d8707f334b9a5c31ef71a64ba) Importer(815301076,1909f56bfc062723c751e8b465ee728b)
Start importing Packages/com.unity.render-pipelines.core/Runtime/Debugging/Prefabs/Fonts/Perfect DOS VGA 437.ttf using Guid(74a5091d8707f334b9a5c31ef71a64ba) Importer(815301076,1909f56bfc062723c751e8b465ee728b)  -> (artifact id: 'dc7c10b8d3f4c7d4a4ef98f3ee746132') in 0.064713 seconds
  Import took 0.093323 seconds .

========================================================================
Received Import Request.
  Time since last request: 238.657427 seconds.
  path: Assets/Textures/ring.png
  artifactKey: Guid(dbec73b078c4ed042b24c503678290f2) Importer(815301076,1909f56bfc062723c751e8b465ee728b)
Start importing Assets/Textures/ring.png using Guid(dbec73b078c4ed042b24c503678290f2) Importer(815301076,1909f56bfc062723c751e8b465ee728b)  -> (artifact id: '760ebe8e8fa2b84efbd8b371da9f7e7f') in 0.010626 seconds
  Import took 0.074077 seconds .

========================================================================
Received Import Request.
  Time since last request: 17.687146 seconds.
  path: Assets/Materials/ring.mat
  artifactKey: Guid(5005744d1998dfc4eaee9ae8b9f79491) Importer(815301076,1909f56bfc062723c751e8b465ee728b)
Start importing Assets/Materials/ring.mat using Guid(5005744d1998dfc4eaee9ae8b9f79491) Importer(815301076,1909f56bfc062723c751e8b465ee728b)  -> (artifact id: '77f8ac7dc3c022cff181282868e4f586') in 0.012163 seconds
  Import took 0.039405 seconds .

========================================================================
Received Import Request.
  Time since last request: 0.002346 seconds.
  path: Assets/Materials/ring.mat
  artifactKey: Guid(5005744d1998dfc4eaee9ae8b9f79491) Importer(815301076,1909f56bfc062723c751e8b465ee728b)
Start importing Assets/Materials/ring.mat using Guid(5005744d1998dfc4eaee9ae8b9f79491) Importer(815301076,1909f56bfc062723c751e8b465ee728b)  -> (artifact id: '77f8ac7dc3c022cff181282868e4f586') in 0.008739 seconds
  Import took 0.029152 seconds .

========================================================================
Received Import Request.
  Time since last request: 26.386508 seconds.
  path: Assets/Prefab/Gem/Materials/GemID.mat
  artifactKey: Guid(e21ea160b59d93646941554485e7cf88) Importer(815301076,1909f56bfc062723c751e8b465ee728b)
Start importing Assets/Prefab/Gem/Materials/GemID.mat using Guid(e21ea160b59d93646941554485e7cf88) Importer(815301076,1909f56bfc062723c751e8b465ee728b)  -> (artifact id: '33ebf8fb95056adcebc5a9555f3c4b09') in 0.113453 seconds
  Import took 0.134861 seconds .

========================================================================
Received Import Request.
  Time since last request: 45.178885 seconds.
  path: Assets/Textures/ring.png
  artifactKey: Guid(dbec73b078c4ed042b24c503678290f2) Importer(815301076,1909f56bfc062723c751e8b465ee728b)
Start importing Assets/Textures/ring.png using Guid(dbec73b078c4ed042b24c503678290f2) Importer(815301076,1909f56bfc062723c751e8b465ee728b)  -> (artifact id: '2674f5e8c14f3a36f21b6315140aadf2') in 0.021200 seconds
  Import took 0.037791 seconds .

========================================================================
Received Import Request.
  Time since last request: 50.874034 seconds.
  path: Assets/Material/ring.png
  artifactKey: Guid(763adf62ba39edd4fa8947177f8c4344) Importer(815301076,1909f56bfc062723c751e8b465ee728b)
Start importing Assets/Material/ring.png using Guid(763adf62ba39edd4fa8947177f8c4344) Importer(815301076,1909f56bfc062723c751e8b465ee728b)  -> (artifact id: 'f669ffb44b123dd616e8482d51823ac7') in 0.008782 seconds
  Import took 0.027680 seconds .

========================================================================
Received Import Request.
  Time since last request: 4.852438 seconds.
  path: Assets/Material/New Material.mat
  artifactKey: Guid(54c835fc19d5d6249ac82dd2413029bf) Importer(815301076,1909f56bfc062723c751e8b465ee728b)
Start importing Assets/Material/New Material.mat using Guid(54c835fc19d5d6249ac82dd2413029bf) Importer(815301076,1909f56bfc062723c751e8b465ee728b)  -> (artifact id: 'd6bd0f601213f71378407483f7a35a1b') in 0.011600 seconds
  Import took 0.025268 seconds .

========================================================================
Received Import Request.
  Time since last request: 38.460228 seconds.
  path: Assets/Material/ring.png
  artifactKey: Guid(763adf62ba39edd4fa8947177f8c4344) Importer(815301076,1909f56bfc062723c751e8b465ee728b)
Start importing Assets/Material/ring.png using Guid(763adf62ba39edd4fa8947177f8c4344) Importer(815301076,1909f56bfc062723c751e8b465ee728b)  -> (artifact id: '10af7b383f57fa9fd3cb72d2a3b160ca') in 0.010746 seconds
  Import took 0.029320 seconds .

========================================================================
Received Import Request.
  Time since last request: 5.457212 seconds.
  path: Assets/Material/ring.png
  artifactKey: Guid(763adf62ba39edd4fa8947177f8c4344) Importer(815301076,1909f56bfc062723c751e8b465ee728b)
Start importing Assets/Material/ring.png using Guid(763adf62ba39edd4fa8947177f8c4344) Importer(815301076,1909f56bfc062723c751e8b465ee728b)  -> (artifact id: 'a021458881e7bc9bca1304181ca16677') in 0.009663 seconds
  Import took 0.014636 seconds .

========================================================================
Received Import Request.
  Time since last request: 76.567616 seconds.
  path: Assets/Materials
  artifactKey: Guid(100d5913648b7054194ce37d6eb26a04) Importer(815301076,1909f56bfc062723c751e8b465ee728b)
Start importing Assets/Materials using Guid(100d5913648b7054194ce37d6eb26a04) Importer(815301076,1909f56bfc062723c751e8b465ee728b)  -> (artifact id: 'a0650cd8b28a04d4b9de6c744684c140') in 0.006573 seconds
  Import took 0.011201 seconds .

========================================================================
Received Import Request.
  Time since last request: 151.279294 seconds.
  path: Assets/Material/Materials/ring.mat
  artifactKey: Guid(8eb9a8066d568f0488dd3f5fa72dc109) Importer(815301076,1909f56bfc062723c751e8b465ee728b)
Start importing Assets/Material/Materials/ring.mat using Guid(8eb9a8066d568f0488dd3f5fa72dc109) Importer(815301076,1909f56bfc062723c751e8b465ee728b)  -> (artifact id: 'c8f6ec4e853187210d88169518fada0c') in 0.181087 seconds
  Import took 0.285013 seconds .

========================================================================
Received Import Request.
  Time since last request: 0.008722 seconds.
  path: Assets/Material/Materials/ring.mat
  artifactKey: Guid(8eb9a8066d568f0488dd3f5fa72dc109) Importer(815301076,1909f56bfc062723c751e8b465ee728b)
Start importing Assets/Material/Materials/ring.mat using Guid(8eb9a8066d568f0488dd3f5fa72dc109) Importer(815301076,1909f56bfc062723c751e8b465ee728b)  -> (artifact id: 'c8f6ec4e853187210d88169518fada0c') in 0.024845 seconds
  Import took 0.029923 seconds .

========================================================================
Received Import Request.
  Time since last request: 157.393729 seconds.
  path: Assets/Textures/Sprites/toonExplosionFree/sprite_toonExplosion_a.psd
  artifactKey: Guid(e697f895ade7aac4aa68eea470c58242) Importer(815301076,1909f56bfc062723c751e8b465ee728b)
Start importing Assets/Textures/Sprites/toonExplosionFree/sprite_toonExplosion_a.psd using Guid(e697f895ade7aac4aa68eea470c58242) Importer(815301076,1909f56bfc062723c751e8b465ee728b)  -> (artifact id: 'a33633529e027427a1982b44520df6b9') in 0.015048 seconds
  Import took 0.020089 seconds .

========================================================================
Received Import Request.
  Time since last request: 0.012691 seconds.
  path: Assets/Textures/Sprites/toonExplosionFree/sprite_toonExplosion_a.psd
  artifactKey: Guid(e697f895ade7aac4aa68eea470c58242) Importer(815301076,1909f56bfc062723c751e8b465ee728b)
Start importing Assets/Textures/Sprites/toonExplosionFree/sprite_toonExplosion_a.psd using Guid(e697f895ade7aac4aa68eea470c58242) Importer(815301076,1909f56bfc062723c751e8b465ee728b)  -> (artifact id: 'a33633529e027427a1982b44520df6b9') in 0.011856 seconds
  Import took 0.017093 seconds .

========================================================================
Received Import Request.
  Time since last request: 4.562095 seconds.
  path: Assets/Material/ring.png
  artifactKey: Guid(763adf62ba39edd4fa8947177f8c4344) Importer(815301076,1909f56bfc062723c751e8b465ee728b)
Start importing Assets/Material/ring.png using Guid(763adf62ba39edd4fa8947177f8c4344) Importer(815301076,1909f56bfc062723c751e8b465ee728b)  -> (artifact id: '53a8cc2586fc5d716177b46b7daaae34') in 0.008808 seconds
  Import took 0.023529 seconds .

========================================================================
Received Import Request.
  Time since last request: 67.531743 seconds.
  path: Assets/Material/Ring.mat
  artifactKey: Guid(6431e297192a5b04893a4655e84015eb) Importer(815301076,1909f56bfc062723c751e8b465ee728b)
Start importing Assets/Material/Ring.mat using Guid(6431e297192a5b04893a4655e84015eb) Importer(815301076,1909f56bfc062723c751e8b465ee728b)  -> (artifact id: '98a9523d26e0c4814c0b6732edca8735') in 0.018573 seconds
  Import took 0.025615 seconds .

========================================================================
Received Prepare
Registering precompiled user dll's ...
Registered in 0.001203 seconds.
Begin MonoManager ReloadAssembly
Native extension for WindowsStandalone target not found
Native extension for WebGL target not found
Refreshing native plugins compatible for Editor in 0.65 ms, found 0 plugins.
Preloading 0 native plugins for Editor in 0.00 ms.
Warning: Annotation not found!
UnityEngine.StackTraceUtility:ExtractStackTrace ()
UnityEditor.ProBuilder.EditorUtility:SetGizmoIconEnabled (System.Type,bool) (at Library/PackageCache/com.unity.probuilder@4.5.0/Editor/EditorCore/EditorUtility.cs:593)
UnityEditor.ProBuilder.HierarchyListener:.cctor () (at Library/PackageCache/com.unity.probuilder@4.5.0/Editor/EditorCore/HierarchyListener.cs:21)
System.Runtime.CompilerServices.RuntimeHelpers:RunClassConstructor (System.RuntimeTypeHandle)
UnityEditor.EditorAssemblies:ProcessInitializeOnLoadAttributes (System.Type[])

[Library/PackageCache/com.unity.probuilder@4.5.0/Editor/EditorCore/EditorUtility.cs line 593]

Mono: successfully reloaded assembly
- Completed reload, in  0.921 seconds
Platform modules already initialized, skipping
Shader 'Universal Render Pipeline/Particles/Lit': fallback shader 'Universal Render Pipeline/Particles/SimpleLit' not found
Refreshing native plugins compatible for Editor in 0.59 ms, found 0 plugins.
Preloading 0 native plugins for Editor in 0.00 ms.
Unloading 2886 Unused Serialized files (Serialized files now loaded: 0)
System memory in use before: 140.2 MB.
System memory in use after: 140.4 MB.

Unloading 11 unused Assets to reduce memory usage. Loaded Objects now: 3607.
Total: 3.161400 ms (FindLiveObjects: 0.401700 ms CreateObjectMapping: 0.134200 ms MarkObjects: 2.540100 ms  DeleteObjects: 0.083700 ms)

========================================================================
Received Prepare
Registering precompiled user dll's ...
Registered in 0.001120 seconds.
Begin MonoManager ReloadAssembly
Native extension for WindowsStandalone target not found
Native extension for WebGL target not found
Refreshing native plugins compatible for Editor in 0.53 ms, found 0 plugins.
Preloading 0 native plugins for Editor in 0.00 ms.
Warning: Annotation not found!
UnityEngine.StackTraceUtility:ExtractStackTrace ()
UnityEditor.ProBuilder.EditorUtility:SetGizmoIconEnabled (System.Type,bool) (at Library/PackageCache/com.unity.probuilder@4.5.0/Editor/EditorCore/EditorUtility.cs:593)
UnityEditor.ProBuilder.HierarchyListener:.cctor () (at Library/PackageCache/com.unity.probuilder@4.5.0/Editor/EditorCore/HierarchyListener.cs:21)
System.Runtime.CompilerServices.RuntimeHelpers:RunClassConstructor (System.RuntimeTypeHandle)
UnityEditor.EditorAssemblies:ProcessInitializeOnLoadAttributes (System.Type[])

[Library/PackageCache/com.unity.probuilder@4.5.0/Editor/EditorCore/EditorUtility.cs line 593]

Mono: successfully reloaded assembly
- Completed reload, in  0.849 seconds
Platform modules already initialized, skipping
Shader 'Universal Render Pipeline/Particles/Lit': fallback shader 'Universal Render Pipeline/Particles/SimpleLit' not found
Refreshing native plugins compatible for Editor in 0.53 ms, found 0 plugins.
Preloading 0 native plugins for Editor in 0.00 ms.
Unloading 2886 Unused Serialized files (Serialized files now loaded: 0)
System memory in use before: 140.2 MB.
System memory in use after: 140.4 MB.

Unloading 10 unused Assets to reduce memory usage. Loaded Objects now: 3610.
Total: 3.625100 ms (FindLiveObjects: 0.637700 ms CreateObjectMapping: 0.244400 ms MarkObjects: 2.659700 ms  DeleteObjects: 0.079100 ms)

========================================================================
Received Import Request.
  Time since last request: 1671.974363 seconds.
  path: Assets/Prefab/Dagger
  artifactKey: Guid(e9afff52d04f48945a8313f8ebd4f6a2) Importer(815301076,1909f56bfc062723c751e8b465ee728b)
Start importing Assets/Prefab/Dagger using Guid(e9afff52d04f48945a8313f8ebd4f6a2) Importer(815301076,1909f56bfc062723c751e8b465ee728b)  -> (artifact id: 'ae489879a8599b9c0ee757a932620f8c') in 0.028925 seconds
  Import took 0.051100 seconds .

========================================================================
Received Import Request.
  Time since last request: 0.013280 seconds.
  path: Assets/Prefab/Dagger
  artifactKey: Guid(e9afff52d04f48945a8313f8ebd4f6a2) Importer(815301076,1909f56bfc062723c751e8b465ee728b)
Start importing Assets/Prefab/Dagger using Guid(e9afff52d04f48945a8313f8ebd4f6a2) Importer(815301076,1909f56bfc062723c751e8b465ee728b)  -> (artifact id: 'ae489879a8599b9c0ee757a932620f8c') in 0.003286 seconds
  Import took 0.013796 seconds .

========================================================================
Received Import Request.
  Time since last request: 42.216466 seconds.
  path: Assets/Prefab/Dagger/Dagger_IDNEW.png
  artifactKey: Guid(d430e343fc886ce4d8438ad0a66c1088) Importer(815301076,1909f56bfc062723c751e8b465ee728b)
Start importing Assets/Prefab/Dagger/Dagger_IDNEW.png using Guid(d430e343fc886ce4d8438ad0a66c1088) Importer(815301076,1909f56bfc062723c751e8b465ee728b)  -> (artifact id: 'f1cb67e677fc355f648a9dd9ff537a75') in 0.115839 seconds
  Import took 0.145071 seconds .

========================================================================
Received Import Request.
  Time since last request: 8.414283 seconds.
  path: Assets/Prefab/Dagger/Materials/Dagger_ID 1.mat
  artifactKey: Guid(b0e42e5caa9261840aae9ec50728aaca) Importer(815301076,1909f56bfc062723c751e8b465ee728b)
Start importing Assets/Prefab/Dagger/Materials/Dagger_ID 1.mat using Guid(b0e42e5caa9261840aae9ec50728aaca) Importer(815301076,1909f56bfc062723c751e8b465ee728b)  -> (artifact id: '96bfe7e1b6d26391c5bba6c6a696849a') in 0.311371 seconds
  Import took 0.347304 seconds .

========================================================================
Received Import Request.
  Time since last request: 0.000439 seconds.
  path: Assets/Prefab/Dagger/Materials/Dagger_ID.mat
  artifactKey: Guid(ec32301ac50349e4ea44c61a38924d5f) Importer(815301076,1909f56bfc062723c751e8b465ee728b)
Start importing Assets/Prefab/Dagger/Materials/Dagger_ID.mat using Guid(ec32301ac50349e4ea44c61a38924d5f) Importer(815301076,1909f56bfc062723c751e8b465ee728b)  -> (artifact id: '8784812f4a2fad7c9b48597682b268ad') in 0.022951 seconds
  Import took 0.051375 seconds .

========================================================================
Received Import Request.
  Time since last request: 0.000464 seconds.
  path: Assets/Prefab/Dagger/Materials/Dagger_ID 2.mat
  artifactKey: Guid(abb371165c65a9a4093325f12e931e36) Importer(815301076,1909f56bfc062723c751e8b465ee728b)
Start importing Assets/Prefab/Dagger/Materials/Dagger_ID 2.mat using Guid(abb371165c65a9a4093325f12e931e36) Importer(815301076,1909f56bfc062723c751e8b465ee728b)  -> (artifact id: 'd8540c7abea5d01057b411f7cb8748a1') in 0.028205 seconds
  Import took 0.060375 seconds .

========================================================================
Received Import Request.
  Time since last request: 0.000449 seconds.
  path: Assets/Prefab/Dagger/Materials/Dagger_IDNEW.mat
  artifactKey: Guid(e041a59381250b6408c3610ce16d7b46) Importer(815301076,1909f56bfc062723c751e8b465ee728b)
Start importing Assets/Prefab/Dagger/Materials/Dagger_IDNEW.mat using Guid(e041a59381250b6408c3610ce16d7b46) Importer(815301076,1909f56bfc062723c751e8b465ee728b)  -> (artifact id: '7194f6ef9067017cc732fd7166a9877c') in 0.019943 seconds
  Import took 0.030768 seconds .

========================================================================
Received Prepare
Registering precompiled user dll's ...
Registered in 0.001604 seconds.
Begin MonoManager ReloadAssembly
Native extension for WindowsStandalone target not found
Native extension for WebGL target not found
Refreshing native plugins compatible for Editor in 1.15 ms, found 0 plugins.
Preloading 0 native plugins for Editor in 0.00 ms.
Warning: Annotation not found!
UnityEngine.StackTraceUtility:ExtractStackTrace ()
UnityEditor.ProBuilder.EditorUtility:SetGizmoIconEnabled (System.Type,bool) (at Library/PackageCache/com.unity.probuilder@4.5.0/Editor/EditorCore/EditorUtility.cs:593)
UnityEditor.ProBuilder.HierarchyListener:.cctor () (at Library/PackageCache/com.unity.probuilder@4.5.0/Editor/EditorCore/HierarchyListener.cs:21)
System.Runtime.CompilerServices.RuntimeHelpers:RunClassConstructor (System.RuntimeTypeHandle)
UnityEditor.EditorAssemblies:ProcessInitializeOnLoadAttributes (System.Type[])

[Library/PackageCache/com.unity.probuilder@4.5.0/Editor/EditorCore/EditorUtility.cs line 593]

Mono: successfully reloaded assembly
- Completed reload, in  1.794 seconds
Platform modules already initialized, skipping
Shader 'Universal Render Pipeline/Particles/Lit': fallback shader 'Universal Render Pipeline/Particles/SimpleLit' not found
Refreshing native plugins compatible for Editor in 0.68 ms, found 0 plugins.
Preloading 0 native plugins for Editor in 0.00 ms.
Unloading 2886 Unused Serialized files (Serialized files now loaded: 0)
System memory in use before: 140.3 MB.
System memory in use after: 140.5 MB.

Unloading 10 unused Assets to reduce memory usage. Loaded Objects now: 3649.
Total: 6.224700 ms (FindLiveObjects: 0.533800 ms CreateObjectMapping: 0.200200 ms MarkObjects: 5.332900 ms  DeleteObjects: 0.154800 ms)

========================================================================
Received Import Request.
  Time since last request: 390.016876 seconds.
  path: Assets/Prefab/Dagger/dagger.fbx
  artifactKey: Guid(879efe78c44aded40ada7710f69a7133) Importer(815301076,1909f56bfc062723c751e8b465ee728b)
Start importing Assets/Prefab/Dagger/dagger.fbx using Guid(879efe78c44aded40ada7710f69a7133) Importer(815301076,1909f56bfc062723c751e8b465ee728b)  -> (artifact id: '930b934ea3ccdfa478f4d2c357228cf7') in 0.408270 seconds
  Import took 0.511728 seconds .

========================================================================
Received Import Request.
  Time since last request: 20.927063 seconds.
  path: Assets/Prefab/Dagger/dagger.fbx
  artifactKey: Guid(879efe78c44aded40ada7710f69a7133) Importer(815301076,1909f56bfc062723c751e8b465ee728b)
Start importing Assets/Prefab/Dagger/dagger.fbx using Guid(879efe78c44aded40ada7710f69a7133) Importer(815301076,1909f56bfc062723c751e8b465ee728b)  -> (artifact id: 'aee618dbd329e6dca6417dc716e8841f') in 0.035816 seconds
  Import took 0.059570 seconds .

========================================================================
Received Import Request.
  Time since last request: 0.005553 seconds.
  path: Assets/Prefab/Dagger/dagger.fbx
  artifactKey: Guid(879efe78c44aded40ada7710f69a7133) Importer(815301076,1909f56bfc062723c751e8b465ee728b)
Start importing Assets/Prefab/Dagger/dagger.fbx using Guid(879efe78c44aded40ada7710f69a7133) Importer(815301076,1909f56bfc062723c751e8b465ee728b)  -> (artifact id: 'aee618dbd329e6dca6417dc716e8841f') in 0.025019 seconds
  Import took 0.035821 seconds .

========================================================================
Received Import Request.
  Time since last request: 22.056464 seconds.
  path: Assets/Prefab/Dagger/Materials/Dagger_IDNEW.mat
  artifactKey: Guid(e041a59381250b6408c3610ce16d7b46) Importer(815301076,1909f56bfc062723c751e8b465ee728b)
Start importing Assets/Prefab/Dagger/Materials/Dagger_IDNEW.mat using Guid(e041a59381250b6408c3610ce16d7b46) Importer(815301076,1909f56bfc062723c751e8b465ee728b)  -> (artifact id: 'e5685eaa5313bae37682c195fbb23aad') in 0.038083 seconds
  Import took 0.148733 seconds .

========================================================================
Received Import Request.
  Time since last request: 169.280079 seconds.
  path: Assets/FirstPersion AIO Pack/DemoScene/Working Textures/Concrete/Concrete.png
  artifactKey: Guid(7ff68301a810b3349a1d397986a47db8) Importer(815301076,1909f56bfc062723c751e8b465ee728b)
Start importing Assets/FirstPersion AIO Pack/DemoScene/Working Textures/Concrete/Concrete.png using Guid(7ff68301a810b3349a1d397986a47db8) Importer(815301076,1909f56bfc062723c751e8b465ee728b)  -> (artifact id: '29725064e7ba3137078dd6253d7e243f') in 0.176891 seconds
  Import took 0.222156 seconds .

========================================================================
Received Import Request.
  Time since last request: 0.000427 seconds.
  path: Assets/Material/Concrete textures pack/pattern 07/diffuse.tga
  artifactKey: Guid(e312182b2d9d04c47a2ffb6c823b3a56) Importer(815301076,1909f56bfc062723c751e8b465ee728b)
Start importing Assets/Material/Concrete textures pack/pattern 07/diffuse.tga using Guid(e312182b2d9d04c47a2ffb6c823b3a56) Importer(815301076,1909f56bfc062723c751e8b465ee728b)  -> (artifact id: 'b776827c510ea982be8e4a26d4bd2c92') in 0.078062 seconds
  Import took 0.089277 seconds .

========================================================================
Received Import Request.
  Time since last request: 0.000425 seconds.
  path: Assets/Material/Concrete textures pack/pattern 08/diffuse.tga
  artifactKey: Guid(14efa88d20a9c834fa648fbcf82c2f44) Importer(815301076,1909f56bfc062723c751e8b465ee728b)
Start importing Assets/Material/Concrete textures pack/pattern 08/diffuse.tga using Guid(14efa88d20a9c834fa648fbcf82c2f44) Importer(815301076,1909f56bfc062723c751e8b465ee728b)  -> (artifact id: 'e6b140607804bbe79fc85a3c92b27e07') in 0.073962 seconds
  Import took 0.101179 seconds .

========================================================================
Received Import Request.
  Time since last request: 0.000486 seconds.
  path: Assets/FirstPersion AIO Pack/DemoScene/Working Textures/Concrete/Concrete_Normal.png
  artifactKey: Guid(900042087b9570040a72062f28165a3d) Importer(815301076,1909f56bfc062723c751e8b465ee728b)
Start importing Assets/FirstPersion AIO Pack/DemoScene/Working Textures/Concrete/Concrete_Normal.png using Guid(900042087b9570040a72062f28165a3d) Importer(815301076,1909f56bfc062723c751e8b465ee728b)  -> (artifact id: '2ba37ffb4ba2c492c3e711390619480c') in 0.061120 seconds
  Import took 0.075635 seconds .

========================================================================
Received Import Request.
  Time since last request: 0.000509 seconds.
  path: Assets/Material/Concrete textures pack/pattern 11/diffuse.tga
  artifactKey: Guid(4fd7d8b01792b324ba55aba32b8e7714) Importer(815301076,1909f56bfc062723c751e8b465ee728b)
Start importing Assets/Material/Concrete textures pack/pattern 11/diffuse.tga using Guid(4fd7d8b01792b324ba55aba32b8e7714) Importer(815301076,1909f56bfc062723c751e8b465ee728b)  -> (artifact id: 'c5c2bc960cd63d20ca41e31c58679e4f') in 0.099081 seconds
  Import took 0.109635 seconds .

========================================================================
Received Prepare
Registering precompiled user dll's ...
Registered in 0.001452 seconds.
Begin MonoManager ReloadAssembly
Native extension for WindowsStandalone target not found
Native extension for WebGL target not found
Refreshing native plugins compatible for Editor in 0.99 ms, found 0 plugins.
Preloading 0 native plugins for Editor in 0.00 ms.
Warning: Annotation not found!
UnityEngine.StackTraceUtility:ExtractStackTrace ()
UnityEditor.ProBuilder.EditorUtility:SetGizmoIconEnabled (System.Type,bool) (at Library/PackageCache/com.unity.probuilder@4.5.0/Editor/EditorCore/EditorUtility.cs:593)
UnityEditor.ProBuilder.HierarchyListener:.cctor () (at Library/PackageCache/com.unity.probuilder@4.5.0/Editor/EditorCore/HierarchyListener.cs:21)
System.Runtime.CompilerServices.RuntimeHelpers:RunClassConstructor (System.RuntimeTypeHandle)
UnityEditor.EditorAssemblies:ProcessInitializeOnLoadAttributes (System.Type[])

[Library/PackageCache/com.unity.probuilder@4.5.0/Editor/EditorCore/EditorUtility.cs line 593]

Mono: successfully reloaded assembly
- Completed reload, in  1.878 seconds
Platform modules already initialized, skipping
Shader 'Universal Render Pipeline/Particles/Lit': fallback shader 'Universal Render Pipeline/Particles/SimpleLit' not found
Refreshing native plugins compatible for Editor in 0.76 ms, found 0 plugins.
Preloading 0 native plugins for Editor in 0.00 ms.
Unloading 2886 Unused Serialized files (Serialized files now loaded: 0)
System memory in use before: 140.5 MB.
System memory in use after: 140.7 MB.

Unloading 10 unused Assets to reduce memory usage. Loaded Objects now: 3689.
Total: 3.944100 ms (FindLiveObjects: 0.384900 ms CreateObjectMapping: 0.109400 ms MarkObjects: 3.348600 ms  DeleteObjects: 0.099600 ms)

========================================================================
Received Import Request.
  Time since last request: 42.511695 seconds.
  path: Assets/Prefab/Dagger/Materials/Dagger_IDNEW.mat
  artifactKey: Guid(e041a59381250b6408c3610ce16d7b46) Importer(815301076,1909f56bfc062723c751e8b465ee728b)
Start importing Assets/Prefab/Dagger/Materials/Dagger_IDNEW.mat using Guid(e041a59381250b6408c3610ce16d7b46) Importer(815301076,1909f56bfc062723c751e8b465ee728b)  -> (artifact id: 'ee20ee87a4ca1a1ad72fd76121e9e40f') in 0.285813 seconds
  Import took 0.361220 seconds .

========================================================================
Received Prepare
Registering precompiled user dll's ...
Registered in 0.001492 seconds.
Begin MonoManager ReloadAssembly
Native extension for WindowsStandalone target not found
Native extension for WebGL target not found
Refreshing native plugins compatible for Editor in 0.68 ms, found 0 plugins.
Preloading 0 native plugins for Editor in 0.00 ms.
Warning: Annotation not found!
UnityEngine.StackTraceUtility:ExtractStackTrace ()
UnityEditor.ProBuilder.EditorUtility:SetGizmoIconEnabled (System.Type,bool) (at Library/PackageCache/com.unity.probuilder@4.5.0/Editor/EditorCore/EditorUtility.cs:593)
UnityEditor.ProBuilder.HierarchyListener:.cctor () (at Library/PackageCache/com.unity.probuilder@4.5.0/Editor/EditorCore/HierarchyListener.cs:21)
System.Runtime.CompilerServices.RuntimeHelpers:RunClassConstructor (System.RuntimeTypeHandle)
UnityEditor.EditorAssemblies:ProcessInitializeOnLoadAttributes (System.Type[])

[Library/PackageCache/com.unity.probuilder@4.5.0/Editor/EditorCore/EditorUtility.cs line 593]

Mono: successfully reloaded assembly
- Completed reload, in  1.784 seconds
Platform modules already initialized, skipping
Shader 'Universal Render Pipeline/Particles/Lit': fallback shader 'Universal Render Pipeline/Particles/SimpleLit' not found
Refreshing native plugins compatible for Editor in 0.76 ms, found 0 plugins.
Preloading 0 native plugins for Editor in 0.00 ms.
Unloading 2886 Unused Serialized files (Serialized files now loaded: 0)
System memory in use before: 140.6 MB.
System memory in use after: 140.8 MB.

Unloading 10 unused Assets to reduce memory usage. Loaded Objects now: 3728.
Total: 4.544700 ms (FindLiveObjects: 0.406700 ms CreateObjectMapping: 0.110900 ms MarkObjects: 3.914900 ms  DeleteObjects: 0.110000 ms)

========================================================================
Received Prepare
Registering precompiled user dll's ...
Registered in 0.001848 seconds.
Begin MonoManager ReloadAssembly
Native extension for WindowsStandalone target not found
Native extension for WebGL target not found
Refreshing native plugins compatible for Editor in 0.77 ms, found 0 plugins.
Preloading 0 native plugins for Editor in 0.00 ms.
Warning: Annotation not found!
UnityEngine.StackTraceUtility:ExtractStackTrace ()
UnityEditor.ProBuilder.EditorUtility:SetGizmoIconEnabled (System.Type,bool) (at Library/PackageCache/com.unity.probuilder@4.5.0/Editor/EditorCore/EditorUtility.cs:593)
UnityEditor.ProBuilder.HierarchyListener:.cctor () (at Library/PackageCache/com.unity.probuilder@4.5.0/Editor/EditorCore/HierarchyListener.cs:21)
System.Runtime.CompilerServices.RuntimeHelpers:RunClassConstructor (System.RuntimeTypeHandle)
UnityEditor.EditorAssemblies:ProcessInitializeOnLoadAttributes (System.Type[])

[Library/PackageCache/com.unity.probuilder@4.5.0/Editor/EditorCore/EditorUtility.cs line 593]

Mono: successfully reloaded assembly
- Completed reload, in  1.757 seconds
Platform modules already initialized, skipping
Shader 'Universal Render Pipeline/Particles/Lit': fallback shader 'Universal Render Pipeline/Particles/SimpleLit' not found
Refreshing native plugins compatible for Editor in 1.10 ms, found 0 plugins.
Preloading 0 native plugins for Editor in 0.00 ms.
Unloading 2886 Unused Serialized files (Serialized files now loaded: 0)
System memory in use before: 140.6 MB.
System memory in use after: 140.8 MB.

Unloading 10 unused Assets to reduce memory usage. Loaded Objects now: 3731.
Total: 9.122700 ms (FindLiveObjects: 0.650300 ms CreateObjectMapping: 0.338700 ms MarkObjects: 7.968700 ms  DeleteObjects: 0.160800 ms)

========================================================================
Received Import Request.
  Time since last request: 654.935925 seconds.
  path: Assets/Material/Ring.mat
  artifactKey: Guid(6431e297192a5b04893a4655e84015eb) Importer(815301076,1909f56bfc062723c751e8b465ee728b)
Start importing Assets/Material/Ring.mat using Guid(6431e297192a5b04893a4655e84015eb) Importer(815301076,1909f56bfc062723c751e8b465ee728b)  -> (artifact id: '4d781b3e1599c334c727a5960fa5dd93') in 0.182124 seconds
  Import took 0.481357 seconds .

========================================================================
Received Import Request.
  Time since last request: 45.250564 seconds.
  path: Assets/PostProcessing
  artifactKey: Guid(bdf35c847ab81ef43b0caaedec2372c5) Importer(815301076,1909f56bfc062723c751e8b465ee728b)
Start importing Assets/PostProcessing using Guid(bdf35c847ab81ef43b0caaedec2372c5) Importer(815301076,1909f56bfc062723c751e8b465ee728b)  -> (artifact id: 'd1fd7b6062075d4aabe3bc88117d9798') in 0.011322 seconds
  Import took 0.021705 seconds .

========================================================================
Received Import Request.
  Time since last request: 52.229276 seconds.
  path: Assets/PostProcessing/Retro.renderTexture
  artifactKey: Guid(f0860ab98a7be2441a58bbbd0afdbbfb) Importer(815301076,1909f56bfc062723c751e8b465ee728b)
Start importing Assets/PostProcessing/Retro.renderTexture using Guid(f0860ab98a7be2441a58bbbd0afdbbfb) Importer(815301076,1909f56bfc062723c751e8b465ee728b)  -> (artifact id: '91bad8333df5b4281bc2f1258db2319b') in 0.038029 seconds
  Import took 0.062422 seconds .

========================================================================
Received Prepare
Registering precompiled user dll's ...
Registered in 0.001557 seconds.
Begin MonoManager ReloadAssembly
Native extension for WindowsStandalone target not found
Native extension for WebGL target not found
Refreshing native plugins compatible for Editor in 0.76 ms, found 0 plugins.
Preloading 0 native plugins for Editor in 0.00 ms.
Warning: Annotation not found!
UnityEngine.StackTraceUtility:ExtractStackTrace ()
UnityEditor.ProBuilder.EditorUtility:SetGizmoIconEnabled (System.Type,bool) (at Library/PackageCache/com.unity.probuilder@4.5.0/Editor/EditorCore/EditorUtility.cs:593)
UnityEditor.ProBuilder.HierarchyListener:.cctor () (at Library/PackageCache/com.unity.probuilder@4.5.0/Editor/EditorCore/HierarchyListener.cs:21)
System.Runtime.CompilerServices.RuntimeHelpers:RunClassConstructor (System.RuntimeTypeHandle)
UnityEditor.EditorAssemblies:ProcessInitializeOnLoadAttributes (System.Type[])

[Library/PackageCache/com.unity.probuilder@4.5.0/Editor/EditorCore/EditorUtility.cs line 593]

Mono: successfully reloaded assembly
- Completed reload, in  1.463 seconds
Platform modules already initialized, skipping
Shader 'Universal Render Pipeline/Particles/Lit': fallback shader 'Universal Render Pipeline/Particles/SimpleLit' not found
Refreshing native plugins compatible for Editor in 1.07 ms, found 0 plugins.
Preloading 0 native plugins for Editor in 0.00 ms.
Unloading 2886 Unused Serialized files (Serialized files now loaded: 0)
System memory in use before: 140.8 MB.
System memory in use after: 141.0 MB.

Unloading 10 unused Assets to reduce memory usage. Loaded Objects now: 3772.
Total: 6.887100 ms (FindLiveObjects: 0.532600 ms CreateObjectMapping: 0.187700 ms MarkObjects: 6.008200 ms  DeleteObjects: 0.155600 ms)

AssetImportWorkerClient::OnTransportError - code=2 error=End of file
